3.1620 	WARNING 	We strongly recommend you activate the PTB sound engine in PsychoPy prefs as the preferred audio engine. Its timing is vastly superior. Your prefs are currently set to use ['sounddevice', 'PTB', 'pyo', 'pygame'] (in that order).
9.0559 	WARNING 	User requested fullscreen with size [1024  768], but screen is actually [1920, 1080]. Using actual size
11.1200 	EXP 	Created window1 = Window(allowGUI=True, allowStencil=False, autoLog=True, backendConf=UNKNOWN, bitsMode=UNKNOWN, blendMode='avg', bpc=(8, 8, 8), color=array([0, 0, 0]), colorSpace='rgb', depthBits=8, fullscr=<method-wrapper '__getattribute__' of attributeSetter object at 0x000001BC8B6A0D90>, gamma=None, gammaErrorPolicy='raise', lms=UNKNOWN, monitor=<psychopy.monitors.calibTools.Monitor object at 0x000001BC8E6AE910>, multiSample=False, name='window1', numSamples=2, pos=(0, 0), screen=0, size=array([1920, 1080]), stencilBits=0, stereo=False, units='height', useFBO=True, useRetina=False, viewOri=0.0, viewPos=None, viewScale=None, waitBlanking=True, winType='pyglet')
11.1201 	EXP 	window1: mouseVisible = True
11.1203 	EXP 	window1: mouseVisible = False
11.1204 	EXP 	window1: Attempting to measure frame rate of screen (0) ...
11.1205 	EXP 	window1: recordFrameIntervals = False
11.2854 	EXP 	window1: recordFrameIntervals = True
11.4688 	EXP 	Screen (0) actual frame rate measured at 60.11Hz
11.4689 	EXP 	window1: recordFrameIntervals = False
14.6775 	EXP 	Created fixation = ShapeStim(__class__=<class 'psychopy.visual.shape.ShapeStim'>, anchor=('center', 'center'), autoDraw=False, autoLog=True, closeShape=True, color=method-wrapper(...), colorSpace='rgb', contrast=None, depth=0.0, fillColor=array([1, 1, 1]), fillColorSpace='rgb', fillRGB=array([1, 1, 1]), interpolate=True, lineColor=array([1, 1, 1]), lineColorSpace='rgb', lineRGB=array([1, 1, 1]), lineWidth=1.0, name='fixation', opacity=1.0, ori=0.0, pos=array([0., 0.]), size=array([10., 10.]), units='pix', vertices=ndarray(...), win=Window(...), windingRule=None)
14.6958 	EXP 	Created grating = GratingStim(__class__=<class 'psychopy.visual.grating.GratingStim'>, anchor='center', autoDraw=False, autoLog=True, blendmode='avg', color=array([0.3, 0.3, 0.3]), colorSpace='rgb', contrast=0.3, depth=-1.0, interpolate=True, mask='gauss', maskParams=None, name='grating', opacity=1.0, ori=1.0, phase=array([0., 0.]), pos=array([0., 0.]), rgbPedestal=array([0., 0., 0.]), sf=array([5., 5.]), size=array([0.2, 0.2]), tex='sin', texRes=128.0, units='height', win=Window(...))
14.6989 	EXP 	Created sequence: random, trialTypes=1, nReps=100, seed=None
14.6994 	EXP 	New trial (rep=0, index=0): None
14.7132 	EXP 	grating: ori = 0.0
14.7132 	EXP 	fixation: autoDraw = True
15.7266 	DATA 	Keypress: up
15.7296 	EXP 	grating: autoDraw = True
15.7296 	EXP 	grating: tex = 'sin'
15.7346 	EXP 	fixation: autoDraw = False
16.0336 	EXP 	grating: autoDraw = False
27.4290 	EXP 	New trial (rep=1, index=0): None
27.4315 	DATA 	Keypress: down
27.4340 	EXP 	fixation: autoDraw = False
27.4340 	EXP 	grating: autoDraw = False
27.4340 	EXP 	grating: ori = 1.0
27.4340 	EXP 	fixation: autoDraw = True
28.4296 	EXP 	grating: autoDraw = True
28.4462 	EXP 	fixation: autoDraw = False
28.7293 	EXP 	grating: autoDraw = False
29.4518 	EXP 	New trial (rep=2, index=0): None
29.4540 	DATA 	Keypress: up
29.4627 	EXP 	fixation: autoDraw = False
29.4627 	EXP 	grating: autoDraw = False
29.4627 	EXP 	grating: ori = 0.0
29.4627 	EXP 	fixation: autoDraw = True
30.4621 	EXP 	fixation: autoDraw = False
30.4621 	EXP 	grating: autoDraw = True
30.7619 	EXP 	grating: autoDraw = False
31.2639 	EXP 	New trial (rep=3, index=0): None
31.2649 	DATA 	Keypress: up
31.2784 	EXP 	fixation: autoDraw = False
31.2784 	EXP 	grating: autoDraw = False
31.2784 	EXP 	grating: ori = -3.0
31.2784 	EXP 	fixation: autoDraw = True
32.2781 	EXP 	fixation: autoDraw = False
32.2781 	EXP 	grating: autoDraw = True
32.5781 	EXP 	grating: autoDraw = False
32.9337 	EXP 	New trial (rep=4, index=0): None
32.9359 	DATA 	Keypress: down
32.9445 	EXP 	fixation: autoDraw = False
32.9445 	EXP 	grating: autoDraw = False
32.9445 	EXP 	grating: ori = 0.0
32.9445 	EXP 	fixation: autoDraw = True
33.9444 	EXP 	fixation: autoDraw = False
33.9444 	EXP 	grating: autoDraw = True
34.2440 	EXP 	grating: autoDraw = False
34.8672 	EXP 	New trial (rep=5, index=0): None
34.8695 	DATA 	Keypress: up
34.8773 	EXP 	fixation: autoDraw = False
34.8773 	EXP 	grating: autoDraw = False
34.8773 	EXP 	grating: ori = -3.0
34.8773 	EXP 	fixation: autoDraw = True
35.8769 	EXP 	fixation: autoDraw = False
35.8769 	EXP 	grating: autoDraw = True
36.1765 	EXP 	grating: autoDraw = False
36.9353 	DATA 	Keypress: down
36.9448 	EXP 	New trial (rep=6, index=0): None
36.9500 	EXP 	fixation: autoDraw = False
36.9500 	EXP 	grating: autoDraw = False
36.9500 	EXP 	grating: ori = 0.0
36.9500 	EXP 	fixation: autoDraw = True
37.9431 	EXP 	grating: autoDraw = True
37.9599 	EXP 	fixation: autoDraw = False
38.2427 	EXP 	grating: autoDraw = False
38.7982 	EXP 	New trial (rep=7, index=0): None
38.8004 	DATA 	Keypress: up
38.8093 	EXP 	fixation: autoDraw = False
38.8093 	EXP 	grating: autoDraw = False
38.8093 	EXP 	grating: ori = 0.0
38.8093 	EXP 	fixation: autoDraw = True
39.8087 	EXP 	fixation: autoDraw = False
39.8087 	EXP 	grating: autoDraw = True
40.1084 	EXP 	grating: autoDraw = False
40.6807 	EXP 	New trial (rep=8, index=0): None
40.6829 	DATA 	Keypress: up
40.6919 	EXP 	fixation: autoDraw = False
40.6919 	EXP 	grating: autoDraw = False
40.6919 	EXP 	grating: ori = 0.0
40.6919 	EXP 	fixation: autoDraw = True
41.6917 	EXP 	fixation: autoDraw = False
41.6917 	EXP 	grating: autoDraw = True
41.9917 	EXP 	grating: autoDraw = False
42.5644 	EXP 	New trial (rep=9, index=0): None
42.5666 	DATA 	Keypress: up
42.5746 	EXP 	fixation: autoDraw = False
42.5746 	EXP 	grating: autoDraw = False
42.5746 	EXP 	grating: ori = 0.0
42.5746 	EXP 	fixation: autoDraw = True
43.5744 	EXP 	fixation: autoDraw = False
43.5744 	EXP 	grating: autoDraw = True
43.8741 	EXP 	grating: autoDraw = False
44.4959 	EXP 	New trial (rep=10, index=0): None
44.4981 	DATA 	Keypress: up
44.5073 	EXP 	fixation: autoDraw = False
44.5073 	EXP 	grating: autoDraw = False
44.5073 	EXP 	grating: ori = 0.0
44.5073 	EXP 	fixation: autoDraw = True
45.5072 	EXP 	fixation: autoDraw = False
45.5072 	EXP 	grating: autoDraw = True
45.8068 	EXP 	grating: autoDraw = False
46.3452 	EXP 	New trial (rep=11, index=0): None
46.3473 	DATA 	Keypress: up
46.3568 	EXP 	fixation: autoDraw = False
46.3568 	EXP 	grating: autoDraw = False
46.3568 	EXP 	grating: ori = -3.0
46.3568 	EXP 	fixation: autoDraw = True
47.3566 	EXP 	fixation: autoDraw = False
47.3566 	EXP 	grating: autoDraw = True
47.6559 	EXP 	grating: autoDraw = False
47.8107 	EXP 	New trial (rep=12, index=0): None
47.8126 	DATA 	Keypress: down
47.8227 	EXP 	fixation: autoDraw = False
47.8227 	EXP 	grating: autoDraw = False
47.8227 	EXP 	grating: ori = -1.0
47.8227 	EXP 	fixation: autoDraw = True
48.8227 	EXP 	fixation: autoDraw = False
48.8227 	EXP 	grating: autoDraw = True
49.1225 	EXP 	grating: autoDraw = False
49.7610 	EXP 	New trial (rep=13, index=0): None
49.7633 	DATA 	Keypress: up
49.7721 	EXP 	fixation: autoDraw = False
49.7721 	EXP 	grating: autoDraw = False
49.7721 	EXP 	grating: ori = 0.0
49.7721 	EXP 	fixation: autoDraw = True
50.7719 	EXP 	fixation: autoDraw = False
50.7719 	EXP 	grating: autoDraw = True
51.0717 	EXP 	grating: autoDraw = False
52.1099 	EXP 	New trial (rep=14, index=0): None
52.1121 	DATA 	Keypress: down
52.1217 	EXP 	fixation: autoDraw = False
52.1217 	EXP 	grating: autoDraw = False
52.1217 	EXP 	grating: ori = 0.0
52.1217 	EXP 	fixation: autoDraw = True
53.1211 	EXP 	fixation: autoDraw = False
53.1211 	EXP 	grating: autoDraw = True
53.4210 	EXP 	grating: autoDraw = False
53.8082 	DATA 	Keypress: up
53.8261 	EXP 	New trial (rep=15, index=0): None
53.8376 	EXP 	fixation: autoDraw = False
53.8376 	EXP 	grating: autoDraw = False
53.8376 	EXP 	grating: ori = -4.0
53.8376 	EXP 	fixation: autoDraw = True
54.8372 	EXP 	fixation: autoDraw = False
54.8372 	EXP 	grating: autoDraw = True
55.1370 	EXP 	grating: autoDraw = False
55.5887 	DATA 	Keypress: down
55.6071 	EXP 	New trial (rep=16, index=0): None
55.6199 	EXP 	fixation: autoDraw = False
55.6199 	EXP 	grating: autoDraw = False
55.6199 	EXP 	grating: ori = 0.0
55.6199 	EXP 	fixation: autoDraw = True
56.6199 	EXP 	fixation: autoDraw = False
56.6199 	EXP 	grating: autoDraw = True
56.9199 	EXP 	grating: autoDraw = False
57.2755 	EXP 	New trial (rep=17, index=0): None
57.2777 	DATA 	Keypress: up
57.2864 	EXP 	fixation: autoDraw = False
57.2864 	EXP 	grating: autoDraw = False
57.2864 	EXP 	grating: ori = -1.0
57.2864 	EXP 	fixation: autoDraw = True
58.2862 	EXP 	fixation: autoDraw = False
58.2862 	EXP 	grating: autoDraw = True
58.5858 	EXP 	grating: autoDraw = False
59.3741 	EXP 	New trial (rep=18, index=0): None
59.3764 	DATA 	Keypress: up
59.3856 	EXP 	fixation: autoDraw = False
59.3856 	EXP 	grating: autoDraw = False
59.3856 	EXP 	grating: ori = 0.0
59.3856 	EXP 	fixation: autoDraw = True
60.3854 	EXP 	fixation: autoDraw = False
60.3854 	EXP 	grating: autoDraw = True
60.6852 	EXP 	grating: autoDraw = False
61.2251 	EXP 	New trial (rep=19, index=0): None
61.2275 	DATA 	Keypress: up
61.2351 	EXP 	fixation: autoDraw = False
61.2351 	EXP 	grating: autoDraw = False
61.2351 	EXP 	grating: ori = 0.0
61.2351 	EXP 	fixation: autoDraw = True
62.2348 	EXP 	fixation: autoDraw = False
62.2348 	EXP 	grating: autoDraw = True
62.5345 	EXP 	grating: autoDraw = False
63.3556 	EXP 	New trial (rep=20, index=0): None
63.3576 	DATA 	Keypress: up
63.3677 	EXP 	fixation: autoDraw = False
63.3677 	EXP 	grating: autoDraw = False
63.3677 	EXP 	grating: ori = 0.0
63.3677 	EXP 	fixation: autoDraw = True
64.3674 	EXP 	fixation: autoDraw = False
64.3674 	EXP 	grating: autoDraw = True
64.6673 	EXP 	grating: autoDraw = False
65.5884 	EXP 	New trial (rep=21, index=0): None
65.5905 	DATA 	Keypress: up
65.6003 	EXP 	fixation: autoDraw = False
65.6003 	EXP 	grating: autoDraw = False
65.6003 	EXP 	grating: ori = 0.0
65.6003 	EXP 	fixation: autoDraw = True
66.6000 	EXP 	fixation: autoDraw = False
66.6000 	EXP 	grating: autoDraw = True
66.8999 	EXP 	grating: autoDraw = False
67.6714 	EXP 	New trial (rep=22, index=0): None
67.6736 	DATA 	Keypress: up
67.6829 	EXP 	fixation: autoDraw = False
67.6829 	EXP 	grating: autoDraw = False
67.6829 	EXP 	grating: ori = 0.0
67.6829 	EXP 	fixation: autoDraw = True
68.6825 	EXP 	fixation: autoDraw = False
68.6825 	EXP 	grating: autoDraw = True
68.9823 	EXP 	grating: autoDraw = False
69.5041 	EXP 	New trial (rep=23, index=0): None
69.5064 	DATA 	Keypress: up
69.5154 	EXP 	fixation: autoDraw = False
69.5154 	EXP 	grating: autoDraw = False
69.5154 	EXP 	grating: ori = 4.0
69.5154 	EXP 	fixation: autoDraw = True
70.5152 	EXP 	fixation: autoDraw = False
70.5152 	EXP 	grating: autoDraw = True
70.8149 	EXP 	grating: autoDraw = False
71.2186 	EXP 	New trial (rep=24, index=0): None
71.2203 	DATA 	Keypress: down
71.2315 	EXP 	fixation: autoDraw = False
71.2315 	EXP 	grating: autoDraw = False
71.2315 	EXP 	grating: ori = -5.0
71.2315 	EXP 	fixation: autoDraw = True
72.2314 	EXP 	fixation: autoDraw = False
72.2314 	EXP 	grating: autoDraw = True
72.5312 	EXP 	grating: autoDraw = False
73.0204 	EXP 	New trial (rep=25, index=0): None
73.0226 	DATA 	Keypress: down
73.0313 	EXP 	fixation: autoDraw = False
73.0313 	EXP 	grating: autoDraw = False
73.0313 	EXP 	grating: ori = 0.0
73.0313 	EXP 	fixation: autoDraw = True
74.0309 	EXP 	fixation: autoDraw = False
74.0309 	EXP 	grating: autoDraw = True
74.3305 	EXP 	grating: autoDraw = False
74.8358 	EXP 	New trial (rep=26, index=0): None
74.8380 	DATA 	Keypress: up
74.8470 	EXP 	fixation: autoDraw = False
74.8470 	EXP 	grating: autoDraw = False
74.8470 	EXP 	grating: ori = -3.0
74.8470 	EXP 	fixation: autoDraw = True
75.8469 	EXP 	fixation: autoDraw = False
75.8469 	EXP 	grating: autoDraw = True
76.1466 	EXP 	grating: autoDraw = False
76.5852 	EXP 	New trial (rep=27, index=0): None
76.5873 	DATA 	Keypress: down
76.5966 	EXP 	fixation: autoDraw = False
76.5966 	EXP 	grating: autoDraw = False
76.5966 	EXP 	grating: ori = 0.0
76.5966 	EXP 	fixation: autoDraw = True
77.5964 	EXP 	fixation: autoDraw = False
77.5964 	EXP 	grating: autoDraw = True
77.8961 	EXP 	grating: autoDraw = False
79.2679 	EXP 	New trial (rep=28, index=0): None
79.2721 	DATA 	Keypress: down
79.2790 	EXP 	fixation: autoDraw = False
79.2790 	EXP 	grating: autoDraw = False
79.2790 	EXP 	grating: ori = 0.0
79.2790 	EXP 	fixation: autoDraw = True
80.2789 	EXP 	fixation: autoDraw = False
80.2789 	EXP 	grating: autoDraw = True
80.5784 	EXP 	grating: autoDraw = False
81.0538 	EXP 	New trial (rep=29, index=0): None
81.0557 	DATA 	Keypress: up
81.0617 	EXP 	fixation: autoDraw = False
81.0617 	EXP 	grating: autoDraw = False
81.0617 	EXP 	grating: ori = -1.0
81.0617 	EXP 	fixation: autoDraw = True
82.0614 	EXP 	fixation: autoDraw = False
82.0614 	EXP 	grating: autoDraw = True
82.3612 	EXP 	grating: autoDraw = False
83.4497 	EXP 	New trial (rep=30, index=0): None
83.4520 	DATA 	Keypress: down
83.4607 	EXP 	fixation: autoDraw = False
83.4607 	EXP 	grating: autoDraw = False
83.4607 	EXP 	grating: ori = 0.0
83.4607 	EXP 	fixation: autoDraw = True
84.4608 	EXP 	fixation: autoDraw = False
84.4608 	EXP 	grating: autoDraw = True
84.7603 	EXP 	grating: autoDraw = False
85.3821 	EXP 	New trial (rep=31, index=0): None
85.3842 	DATA 	Keypress: up
85.3936 	EXP 	fixation: autoDraw = False
85.3936 	EXP 	grating: autoDraw = False
85.3936 	EXP 	grating: ori = 0.0
85.3936 	EXP 	fixation: autoDraw = True
86.3932 	EXP 	fixation: autoDraw = False
86.3932 	EXP 	grating: autoDraw = True
86.6930 	EXP 	grating: autoDraw = False
87.4481 	EXP 	New trial (rep=32, index=0): None
87.4503 	DATA 	Keypress: down
87.4596 	EXP 	fixation: autoDraw = False
87.4596 	EXP 	grating: autoDraw = False
87.4596 	EXP 	grating: ori = 4.0
87.4596 	EXP 	fixation: autoDraw = True
88.4592 	EXP 	fixation: autoDraw = False
88.4592 	EXP 	grating: autoDraw = True
88.7591 	EXP 	grating: autoDraw = False
89.2616 	EXP 	New trial (rep=33, index=0): None
89.2628 	DATA 	Keypress: down
89.2757 	EXP 	fixation: autoDraw = False
89.2757 	EXP 	grating: autoDraw = False
89.2757 	EXP 	grating: ori = -4.0
89.2757 	EXP 	fixation: autoDraw = True
90.2755 	EXP 	fixation: autoDraw = False
90.2755 	EXP 	grating: autoDraw = True
90.5751 	EXP 	grating: autoDraw = False
91.2982 	EXP 	New trial (rep=34, index=0): None
91.3005 	DATA 	Keypress: up
91.3083 	EXP 	fixation: autoDraw = False
91.3083 	EXP 	grating: autoDraw = False
91.3083 	EXP 	grating: ori = 3.0
91.3083 	EXP 	fixation: autoDraw = True
92.3083 	EXP 	fixation: autoDraw = False
92.3083 	EXP 	grating: autoDraw = True
92.6077 	EXP 	grating: autoDraw = False
93.1131 	EXP 	New trial (rep=35, index=0): None
93.1153 	DATA 	Keypress: down
93.1243 	EXP 	fixation: autoDraw = False
93.1243 	EXP 	grating: autoDraw = False
93.1243 	EXP 	grating: ori = 1.0
93.1243 	EXP 	fixation: autoDraw = True
94.1240 	EXP 	fixation: autoDraw = False
94.1240 	EXP 	grating: autoDraw = True
94.4238 	EXP 	grating: autoDraw = False
95.3450 	EXP 	New trial (rep=36, index=0): None
95.3472 	DATA 	Keypress: down
95.3568 	EXP 	fixation: autoDraw = False
95.3568 	EXP 	grating: autoDraw = False
95.3568 	EXP 	grating: ori = -5.0
95.3568 	EXP 	fixation: autoDraw = True
96.3568 	EXP 	fixation: autoDraw = False
96.3568 	EXP 	grating: autoDraw = True
96.6563 	EXP 	grating: autoDraw = False
97.0957 	EXP 	New trial (rep=37, index=0): None
97.0979 	DATA 	Keypress: down
97.1062 	EXP 	fixation: autoDraw = False
97.1062 	EXP 	grating: autoDraw = False
97.1062 	EXP 	grating: ori = -5.0
97.1062 	EXP 	fixation: autoDraw = True
98.1060 	EXP 	fixation: autoDraw = False
98.1060 	EXP 	grating: autoDraw = True
98.4057 	EXP 	grating: autoDraw = False
98.7448 	EXP 	New trial (rep=38, index=0): None
98.7469 	DATA 	Keypress: down
98.7557 	EXP 	fixation: autoDraw = False
98.7557 	EXP 	grating: autoDraw = False
98.7557 	EXP 	grating: ori = 0.0
98.7557 	EXP 	fixation: autoDraw = True
99.7555 	EXP 	fixation: autoDraw = False
99.7555 	EXP 	grating: autoDraw = True
100.0552 	EXP 	grating: autoDraw = False
101.3439 	EXP 	New trial (rep=39, index=0): None
101.3463 	DATA 	Keypress: down
101.3549 	EXP 	fixation: autoDraw = False
101.3549 	EXP 	grating: autoDraw = False
101.3549 	EXP 	grating: ori = -3.0
101.3549 	EXP 	fixation: autoDraw = True
102.3543 	EXP 	fixation: autoDraw = False
102.3543 	EXP 	grating: autoDraw = True
102.6544 	EXP 	grating: autoDraw = False
103.2263 	EXP 	New trial (rep=40, index=0): None
103.2287 	DATA 	Keypress: down
103.2376 	EXP 	fixation: autoDraw = False
103.2376 	EXP 	grating: autoDraw = False
103.2376 	EXP 	grating: ori = 0.0
103.2376 	EXP 	fixation: autoDraw = True
104.2373 	EXP 	fixation: autoDraw = False
104.2373 	EXP 	grating: autoDraw = True
104.5370 	EXP 	grating: autoDraw = False
104.9591 	EXP 	New trial (rep=41, index=0): None
104.9613 	DATA 	Keypress: up
104.9702 	EXP 	fixation: autoDraw = False
104.9702 	EXP 	grating: autoDraw = False
104.9702 	EXP 	grating: ori = -1.0
104.9702 	EXP 	fixation: autoDraw = True
105.9701 	EXP 	fixation: autoDraw = False
105.9701 	EXP 	grating: autoDraw = True
106.2696 	EXP 	grating: autoDraw = False
106.5583 	EXP 	New trial (rep=42, index=0): None
106.5610 	DATA 	Keypress: up
106.5695 	EXP 	fixation: autoDraw = False
106.5695 	EXP 	grating: autoDraw = False
106.5695 	EXP 	grating: ori = 0.0
106.5695 	EXP 	fixation: autoDraw = True
107.5698 	EXP 	fixation: autoDraw = False
107.5698 	EXP 	grating: autoDraw = True
107.8693 	EXP 	grating: autoDraw = False
108.3585 	EXP 	New trial (rep=43, index=0): None
108.3608 	DATA 	Keypress: up
108.3691 	EXP 	fixation: autoDraw = False
108.3691 	EXP 	grating: autoDraw = False
108.3691 	EXP 	grating: ori = -2.0
108.3691 	EXP 	fixation: autoDraw = True
109.3689 	EXP 	fixation: autoDraw = False
109.3689 	EXP 	grating: autoDraw = True
109.6686 	EXP 	grating: autoDraw = False
110.7065 	EXP 	New trial (rep=44, index=0): None
110.7085 	DATA 	Keypress: down
110.7182 	EXP 	fixation: autoDraw = False
110.7182 	EXP 	grating: autoDraw = False
110.7182 	EXP 	grating: ori = -4.0
110.7182 	EXP 	fixation: autoDraw = True
111.7182 	EXP 	fixation: autoDraw = False
111.7182 	EXP 	grating: autoDraw = True
112.0178 	EXP 	grating: autoDraw = False
112.8397 	EXP 	New trial (rep=45, index=0): None
112.8420 	DATA 	Keypress: down
112.8510 	EXP 	fixation: autoDraw = False
112.8510 	EXP 	grating: autoDraw = False
112.8510 	EXP 	grating: ori = 0.0
112.8510 	EXP 	fixation: autoDraw = True
113.8505 	EXP 	fixation: autoDraw = False
113.8505 	EXP 	grating: autoDraw = True
114.1503 	EXP 	grating: autoDraw = False
115.3390 	EXP 	New trial (rep=46, index=0): None
115.3412 	DATA 	Keypress: up
115.3502 	EXP 	fixation: autoDraw = False
115.3502 	EXP 	grating: autoDraw = False
115.3502 	EXP 	grating: ori = -1.0
115.3502 	EXP 	fixation: autoDraw = True
116.3497 	EXP 	fixation: autoDraw = False
116.3497 	EXP 	grating: autoDraw = True
116.6493 	EXP 	grating: autoDraw = False
117.2213 	EXP 	New trial (rep=47, index=0): None
117.2237 	DATA 	Keypress: up
117.2329 	EXP 	fixation: autoDraw = False
117.2329 	EXP 	grating: autoDraw = False
117.2329 	EXP 	grating: ori = 0.0
117.2329 	EXP 	fixation: autoDraw = True
118.2323 	EXP 	fixation: autoDraw = False
118.2323 	EXP 	grating: autoDraw = True
118.5325 	EXP 	grating: autoDraw = False
119.1204 	EXP 	New trial (rep=48, index=0): None
119.1224 	DATA 	Keypress: up
119.1320 	EXP 	fixation: autoDraw = False
119.1320 	EXP 	grating: autoDraw = False
119.1320 	EXP 	grating: ori = 0.0
119.1320 	EXP 	fixation: autoDraw = True
120.1318 	EXP 	fixation: autoDraw = False
120.1318 	EXP 	grating: autoDraw = True
120.4320 	EXP 	grating: autoDraw = False
121.0454 	EXP 	New trial (rep=49, index=0): None
121.0471 	DATA 	Keypress: up
121.0497 	EXP 	fixation: autoDraw = False
121.0497 	EXP 	grating: autoDraw = False
121.0497 	EXP 	grating: ori = 0.0
121.0497 	EXP 	fixation: autoDraw = True
122.0480 	EXP 	grating: autoDraw = True
122.0647 	EXP 	fixation: autoDraw = False
122.3475 	EXP 	grating: autoDraw = False
123.3027 	EXP 	New trial (rep=50, index=0): None
123.3050 	DATA 	Keypress: up
123.3141 	EXP 	fixation: autoDraw = False
123.3141 	EXP 	grating: autoDraw = False
123.3141 	EXP 	grating: ori = 0.0
123.3141 	EXP 	fixation: autoDraw = True
124.3133 	EXP 	fixation: autoDraw = False
124.3133 	EXP 	grating: autoDraw = True
124.6133 	EXP 	grating: autoDraw = False
125.0326 	EXP 	New trial (rep=51, index=0): None
125.0342 	DATA 	Keypress: up
125.0463 	EXP 	fixation: autoDraw = False
125.0463 	EXP 	grating: autoDraw = False
125.0463 	EXP 	grating: ori = 0.0
125.0463 	EXP 	fixation: autoDraw = True
126.0465 	EXP 	fixation: autoDraw = False
126.0465 	EXP 	grating: autoDraw = True
126.3463 	EXP 	grating: autoDraw = False
126.7318 	DATA 	Keypress: up
126.7487 	EXP 	New trial (rep=52, index=0): None
126.7625 	EXP 	fixation: autoDraw = False
126.7625 	EXP 	grating: autoDraw = False
126.7625 	EXP 	grating: ori = -2.0
126.7625 	EXP 	fixation: autoDraw = True
127.7626 	EXP 	fixation: autoDraw = False
127.7626 	EXP 	grating: autoDraw = True
128.0622 	EXP 	grating: autoDraw = False
128.5144 	EXP 	New trial (rep=53, index=0): None
128.5153 	DATA 	Keypress: down
128.5288 	EXP 	fixation: autoDraw = False
128.5288 	EXP 	grating: autoDraw = False
128.5288 	EXP 	grating: ori = 4.0
128.5288 	EXP 	fixation: autoDraw = True
129.5283 	EXP 	fixation: autoDraw = False
129.5283 	EXP 	grating: autoDraw = True
129.8285 	EXP 	grating: autoDraw = False
130.2480 	EXP 	New trial (rep=54, index=0): None
130.2490 	DATA 	Keypress: down
130.2618 	EXP 	fixation: autoDraw = False
130.2618 	EXP 	grating: autoDraw = False
130.2618 	EXP 	grating: ori = 0.0
130.2618 	EXP 	fixation: autoDraw = True
131.2616 	EXP 	fixation: autoDraw = False
131.2616 	EXP 	grating: autoDraw = True
131.5609 	EXP 	grating: autoDraw = False
132.4815 	EXP 	New trial (rep=55, index=0): None
132.4834 	DATA 	Keypress: up
132.4942 	EXP 	fixation: autoDraw = False
132.4942 	EXP 	grating: autoDraw = False
132.4942 	EXP 	grating: ori = -5.0
132.4942 	EXP 	fixation: autoDraw = True
133.4941 	EXP 	fixation: autoDraw = False
133.4941 	EXP 	grating: autoDraw = True
133.7939 	EXP 	grating: autoDraw = False
134.1656 	EXP 	New trial (rep=56, index=0): None
134.1679 	DATA 	Keypress: down
134.1772 	EXP 	fixation: autoDraw = False
134.1772 	EXP 	grating: autoDraw = False
134.1772 	EXP 	grating: ori = 0.0
134.1772 	EXP 	fixation: autoDraw = True
135.1771 	EXP 	fixation: autoDraw = False
135.1771 	EXP 	grating: autoDraw = True
135.4770 	EXP 	grating: autoDraw = False
136.5481 	EXP 	New trial (rep=57, index=0): None
136.5504 	DATA 	Keypress: up
136.5596 	EXP 	fixation: autoDraw = False
136.5596 	EXP 	grating: autoDraw = False
136.5596 	EXP 	grating: ori = 0.0
136.5596 	EXP 	fixation: autoDraw = True
137.5593 	EXP 	fixation: autoDraw = False
137.5593 	EXP 	grating: autoDraw = True
137.8593 	EXP 	grating: autoDraw = False
138.4644 	EXP 	New trial (rep=58, index=0): None
138.4666 	DATA 	Keypress: up
138.4756 	EXP 	fixation: autoDraw = False
138.4756 	EXP 	grating: autoDraw = False
138.4756 	EXP 	grating: ori = -1.0
138.4756 	EXP 	fixation: autoDraw = True
139.4753 	EXP 	fixation: autoDraw = False
139.4753 	EXP 	grating: autoDraw = True
139.7752 	EXP 	grating: autoDraw = False
140.9795 	EXP 	New trial (rep=59, index=0): None
140.9815 	DATA 	Keypress: down
140.9913 	EXP 	fixation: autoDraw = False
140.9913 	EXP 	grating: autoDraw = False
140.9913 	EXP 	grating: ori = 0.0
140.9913 	EXP 	fixation: autoDraw = True
141.9912 	EXP 	fixation: autoDraw = False
141.9912 	EXP 	grating: autoDraw = True
142.2911 	EXP 	grating: autoDraw = False
142.6638 	EXP 	New trial (rep=60, index=0): None
142.6661 	DATA 	Keypress: up
142.6743 	EXP 	fixation: autoDraw = False
142.6743 	EXP 	grating: autoDraw = False
142.6743 	EXP 	grating: ori = -4.0
142.6743 	EXP 	fixation: autoDraw = True
143.6740 	EXP 	fixation: autoDraw = False
143.6740 	EXP 	grating: autoDraw = True
143.9740 	EXP 	grating: autoDraw = False
144.2938 	EXP 	New trial (rep=61, index=0): None
144.2950 	DATA 	Keypress: down
144.3069 	EXP 	fixation: autoDraw = False
144.3069 	EXP 	grating: autoDraw = False
144.3069 	EXP 	grating: ori = 0.0
144.3069 	EXP 	fixation: autoDraw = True
145.3067 	EXP 	fixation: autoDraw = False
145.3067 	EXP 	grating: autoDraw = True
145.6065 	EXP 	grating: autoDraw = False
146.1953 	EXP 	New trial (rep=62, index=0): None
146.1974 	DATA 	Keypress: down
146.2069 	EXP 	fixation: autoDraw = False
146.2069 	EXP 	grating: autoDraw = False
146.2069 	EXP 	grating: ori = -1.0
146.2069 	EXP 	fixation: autoDraw = True
147.2062 	EXP 	fixation: autoDraw = False
147.2062 	EXP 	grating: autoDraw = True
147.5060 	EXP 	grating: autoDraw = False
147.8113 	EXP 	New trial (rep=63, index=0): None
147.8135 	DATA 	Keypress: up
147.8230 	EXP 	fixation: autoDraw = False
147.8230 	EXP 	grating: autoDraw = False
147.8230 	EXP 	grating: ori = 3.0
147.8230 	EXP 	fixation: autoDraw = True
148.8223 	EXP 	fixation: autoDraw = False
148.8223 	EXP 	grating: autoDraw = True
149.1221 	EXP 	grating: autoDraw = False
149.9940 	EXP 	New trial (rep=64, index=0): None
149.9963 	DATA 	Keypress: down
150.0052 	EXP 	fixation: autoDraw = False
150.0052 	EXP 	grating: autoDraw = False
150.0052 	EXP 	grating: ori = -4.0
150.0052 	EXP 	fixation: autoDraw = True
151.0049 	EXP 	fixation: autoDraw = False
151.0049 	EXP 	grating: autoDraw = True
151.3047 	EXP 	grating: autoDraw = False
151.8431 	EXP 	New trial (rep=65, index=0): None
151.8455 	DATA 	Keypress: down
151.8544 	EXP 	fixation: autoDraw = False
151.8544 	EXP 	grating: autoDraw = False
151.8544 	EXP 	grating: ori = 2.0
151.8544 	EXP 	fixation: autoDraw = True
152.8542 	EXP 	fixation: autoDraw = False
152.8542 	EXP 	grating: autoDraw = True
153.1541 	EXP 	grating: autoDraw = False
153.4431 	EXP 	New trial (rep=66, index=0): None
153.4454 	DATA 	Keypress: down
153.4539 	EXP 	fixation: autoDraw = False
153.4539 	EXP 	grating: autoDraw = False
153.4539 	EXP 	grating: ori = 0.0
153.4539 	EXP 	fixation: autoDraw = True
154.4537 	EXP 	fixation: autoDraw = False
154.4537 	EXP 	grating: autoDraw = True
154.7534 	EXP 	grating: autoDraw = False
155.2915 	EXP 	New trial (rep=67, index=0): None
155.2931 	DATA 	Keypress: up
155.3031 	EXP 	fixation: autoDraw = False
155.3031 	EXP 	grating: autoDraw = False
155.3031 	EXP 	grating: ori = 3.0
155.3031 	EXP 	fixation: autoDraw = True
156.3030 	EXP 	fixation: autoDraw = False
156.3030 	EXP 	grating: autoDraw = True
156.6027 	EXP 	grating: autoDraw = False
156.9227 	EXP 	New trial (rep=68, index=0): None
156.9242 	DATA 	Keypress: down
156.9357 	EXP 	fixation: autoDraw = False
156.9357 	EXP 	grating: autoDraw = False
156.9357 	EXP 	grating: ori = -2.0
156.9357 	EXP 	fixation: autoDraw = True
157.9360 	EXP 	fixation: autoDraw = False
157.9360 	EXP 	grating: autoDraw = True
158.2357 	EXP 	grating: autoDraw = False
159.1572 	EXP 	New trial (rep=69, index=0): None
159.1595 	DATA 	Keypress: down
159.1687 	EXP 	fixation: autoDraw = False
159.1687 	EXP 	grating: autoDraw = False
159.1687 	EXP 	grating: ori = 0.0
159.1687 	EXP 	fixation: autoDraw = True
160.1684 	EXP 	fixation: autoDraw = False
160.1684 	EXP 	grating: autoDraw = True
160.4684 	EXP 	grating: autoDraw = False
160.7735 	EXP 	New trial (rep=70, index=0): None
160.7758 	DATA 	Keypress: up
160.7848 	EXP 	fixation: autoDraw = False
160.7848 	EXP 	grating: autoDraw = False
160.7848 	EXP 	grating: ori = 0.0
160.7848 	EXP 	fixation: autoDraw = True
161.7846 	EXP 	fixation: autoDraw = False
161.7846 	EXP 	grating: autoDraw = True
162.0843 	EXP 	grating: autoDraw = False
163.1062 	EXP 	New trial (rep=71, index=0): None
163.1086 	DATA 	Keypress: up
163.1174 	EXP 	fixation: autoDraw = False
163.1174 	EXP 	grating: autoDraw = False
163.1174 	EXP 	grating: ori = -3.0
163.1174 	EXP 	fixation: autoDraw = True
164.1169 	EXP 	fixation: autoDraw = False
164.1169 	EXP 	grating: autoDraw = True
164.4167 	EXP 	grating: autoDraw = False
164.8541 	DATA 	Keypress: down
164.8722 	EXP 	New trial (rep=72, index=0): None
164.8837 	EXP 	fixation: autoDraw = False
164.8837 	EXP 	grating: autoDraw = False
164.8837 	EXP 	grating: ori = -1.0
164.8837 	EXP 	fixation: autoDraw = True
165.8832 	EXP 	fixation: autoDraw = False
165.8832 	EXP 	grating: autoDraw = True
166.1828 	EXP 	grating: autoDraw = False
166.8552 	EXP 	New trial (rep=73, index=0): None
166.8576 	DATA 	Keypress: up
166.8661 	EXP 	fixation: autoDraw = False
166.8661 	EXP 	grating: autoDraw = False
166.8661 	EXP 	grating: ori = 0.0
166.8661 	EXP 	fixation: autoDraw = True
167.8658 	EXP 	fixation: autoDraw = False
167.8658 	EXP 	grating: autoDraw = True
168.1656 	EXP 	grating: autoDraw = False
168.6376 	EXP 	New trial (rep=74, index=0): None
168.6400 	DATA 	Keypress: up
168.6487 	EXP 	fixation: autoDraw = False
168.6487 	EXP 	grating: autoDraw = False
168.6487 	EXP 	grating: ori = -1.0
168.6487 	EXP 	fixation: autoDraw = True
169.6491 	EXP 	fixation: autoDraw = False
169.6491 	EXP 	grating: autoDraw = True
169.9488 	EXP 	grating: autoDraw = False
170.7367 	EXP 	New trial (rep=75, index=0): None
170.7390 	DATA 	Keypress: up
170.7481 	EXP 	fixation: autoDraw = False
170.7481 	EXP 	grating: autoDraw = False
170.7481 	EXP 	grating: ori = -1.0
170.7481 	EXP 	fixation: autoDraw = True
171.7477 	EXP 	fixation: autoDraw = False
171.7477 	EXP 	grating: autoDraw = True
172.0477 	EXP 	grating: autoDraw = False
172.5861 	EXP 	New trial (rep=76, index=0): None
172.5884 	DATA 	Keypress: up
172.5976 	EXP 	fixation: autoDraw = False
172.5976 	EXP 	grating: autoDraw = False
172.5976 	EXP 	grating: ori = -5.0
172.5976 	EXP 	fixation: autoDraw = True
173.5971 	EXP 	fixation: autoDraw = False
173.5971 	EXP 	grating: autoDraw = True
173.8970 	EXP 	grating: autoDraw = False
174.2334 	EXP 	New trial (rep=77, index=0): None
174.2351 	DATA 	Keypress: down
174.2471 	EXP 	fixation: autoDraw = False
174.2471 	EXP 	grating: autoDraw = False
174.2471 	EXP 	grating: ori = 0.0
174.2471 	EXP 	fixation: autoDraw = True
175.2465 	EXP 	fixation: autoDraw = False
175.2465 	EXP 	grating: autoDraw = True
175.5463 	EXP 	grating: autoDraw = False
176.7517 	EXP 	New trial (rep=78, index=0): None
176.7538 	DATA 	Keypress: up
176.7628 	EXP 	fixation: autoDraw = False
176.7628 	EXP 	grating: autoDraw = False
176.7628 	EXP 	grating: ori = 0.0
176.7628 	EXP 	fixation: autoDraw = True
177.7625 	EXP 	fixation: autoDraw = False
177.7625 	EXP 	grating: autoDraw = True
178.0624 	EXP 	grating: autoDraw = False
178.5008 	EXP 	New trial (rep=79, index=0): None
178.5032 	DATA 	Keypress: up
178.5121 	EXP 	fixation: autoDraw = False
178.5121 	EXP 	grating: autoDraw = False
178.5121 	EXP 	grating: ori = -5.0
178.5121 	EXP 	fixation: autoDraw = True
179.5118 	EXP 	fixation: autoDraw = False
179.5118 	EXP 	grating: autoDraw = True
179.8117 	EXP 	grating: autoDraw = False
180.3999 	EXP 	New trial (rep=80, index=0): None
180.4020 	DATA 	Keypress: down
180.4116 	EXP 	fixation: autoDraw = False
180.4116 	EXP 	grating: autoDraw = False
180.4116 	EXP 	grating: ori = 0.0
180.4116 	EXP 	fixation: autoDraw = True
181.4113 	EXP 	fixation: autoDraw = False
181.4113 	EXP 	grating: autoDraw = True
181.7111 	EXP 	grating: autoDraw = False
182.3659 	EXP 	New trial (rep=81, index=0): None
182.3681 	DATA 	Keypress: up
182.3775 	EXP 	fixation: autoDraw = False
182.3775 	EXP 	grating: autoDraw = False
182.3775 	EXP 	grating: ori = 3.0
182.3775 	EXP 	fixation: autoDraw = True
183.3771 	EXP 	fixation: autoDraw = False
183.3771 	EXP 	grating: autoDraw = True
183.6770 	EXP 	grating: autoDraw = False
184.2481 	EXP 	New trial (rep=82, index=0): None
184.2502 	DATA 	Keypress: down
184.2602 	EXP 	fixation: autoDraw = False
184.2602 	EXP 	grating: autoDraw = False
184.2602 	EXP 	grating: ori = 1.0
184.2602 	EXP 	fixation: autoDraw = True
185.2601 	EXP 	fixation: autoDraw = False
185.2601 	EXP 	grating: autoDraw = True
185.5595 	EXP 	grating: autoDraw = False
186.1481 	EXP 	New trial (rep=83, index=0): None
186.1507 	DATA 	Keypress: down
186.1596 	EXP 	fixation: autoDraw = False
186.1596 	EXP 	grating: autoDraw = False
186.1596 	EXP 	grating: ori = -3.0
186.1596 	EXP 	fixation: autoDraw = True
187.1592 	EXP 	fixation: autoDraw = False
187.1592 	EXP 	grating: autoDraw = True
187.4591 	EXP 	grating: autoDraw = False
188.1813 	EXP 	New trial (rep=84, index=0): None
188.1835 	DATA 	Keypress: down
188.1922 	EXP 	fixation: autoDraw = False
188.1922 	EXP 	grating: autoDraw = False
188.1922 	EXP 	grating: ori = 0.0
188.1922 	EXP 	fixation: autoDraw = True
189.1918 	EXP 	fixation: autoDraw = False
189.1918 	EXP 	grating: autoDraw = True
189.4916 	EXP 	grating: autoDraw = False
189.8468 	EXP 	New trial (rep=85, index=0): None
189.8490 	DATA 	Keypress: up
189.8584 	EXP 	fixation: autoDraw = False
189.8584 	EXP 	grating: autoDraw = False
189.8584 	EXP 	grating: ori = -4.0
189.8584 	EXP 	fixation: autoDraw = True
190.8582 	EXP 	fixation: autoDraw = False
190.8582 	EXP 	grating: autoDraw = True
191.1577 	EXP 	grating: autoDraw = False
191.5787 	EXP 	New trial (rep=86, index=0): None
191.5802 	DATA 	Keypress: down
191.5909 	EXP 	fixation: autoDraw = False
191.5909 	EXP 	grating: autoDraw = False
191.5909 	EXP 	grating: ori = 4.0
191.5909 	EXP 	fixation: autoDraw = True
192.5910 	EXP 	fixation: autoDraw = False
192.5910 	EXP 	grating: autoDraw = True
192.8906 	EXP 	grating: autoDraw = False
193.8625 	EXP 	New trial (rep=87, index=0): None
193.8647 	DATA 	Keypress: down
193.8735 	EXP 	fixation: autoDraw = False
193.8735 	EXP 	grating: autoDraw = False
193.8735 	EXP 	grating: ori = 0.0
193.8735 	EXP 	fixation: autoDraw = True
194.8733 	EXP 	fixation: autoDraw = False
194.8733 	EXP 	grating: autoDraw = True
195.1733 	EXP 	grating: autoDraw = False
195.7948 	EXP 	New trial (rep=88, index=0): None
195.7972 	DATA 	Keypress: up
195.8063 	EXP 	fixation: autoDraw = False
195.8063 	EXP 	grating: autoDraw = False
195.8063 	EXP 	grating: ori = 0.0
195.8063 	EXP 	fixation: autoDraw = True
196.8061 	EXP 	fixation: autoDraw = False
196.8061 	EXP 	grating: autoDraw = True
197.1063 	EXP 	grating: autoDraw = False
197.6279 	EXP 	New trial (rep=89, index=0): None
197.6306 	DATA 	Keypress: up
197.6393 	EXP 	fixation: autoDraw = False
197.6393 	EXP 	grating: autoDraw = False
197.6393 	EXP 	grating: ori = 0.0
197.6393 	EXP 	fixation: autoDraw = True
198.6389 	EXP 	fixation: autoDraw = False
198.6389 	EXP 	grating: autoDraw = True
198.9386 	EXP 	grating: autoDraw = False
199.4274 	EXP 	New trial (rep=90, index=0): None
199.4297 	DATA 	Keypress: up
199.4385 	EXP 	fixation: autoDraw = False
199.4385 	EXP 	grating: autoDraw = False
199.4385 	EXP 	grating: ori = 0.0
199.4385 	EXP 	fixation: autoDraw = True
200.4383 	EXP 	fixation: autoDraw = False
200.4383 	EXP 	grating: autoDraw = True
200.7380 	EXP 	grating: autoDraw = False
201.5598 	EXP 	New trial (rep=91, index=0): None
201.5620 	DATA 	Keypress: up
201.5708 	EXP 	fixation: autoDraw = False
201.5708 	EXP 	grating: autoDraw = False
201.5708 	EXP 	grating: ori = -2.0
201.5708 	EXP 	fixation: autoDraw = True
202.5707 	EXP 	fixation: autoDraw = False
202.5707 	EXP 	grating: autoDraw = True
202.8709 	EXP 	grating: autoDraw = False
203.3592 	EXP 	New trial (rep=92, index=0): None
203.3616 	DATA 	Keypress: down
203.3704 	EXP 	fixation: autoDraw = False
203.3704 	EXP 	grating: autoDraw = False
203.3704 	EXP 	grating: ori = -3.0
203.3704 	EXP 	fixation: autoDraw = True
204.3703 	EXP 	fixation: autoDraw = False
204.3703 	EXP 	grating: autoDraw = True
204.6700 	EXP 	grating: autoDraw = False
205.0585 	EXP 	New trial (rep=93, index=0): None
205.0608 	DATA 	Keypress: up
205.0699 	EXP 	fixation: autoDraw = False
205.0699 	EXP 	grating: autoDraw = False
205.0699 	EXP 	grating: ori = 4.0
205.0699 	EXP 	fixation: autoDraw = True
206.0696 	EXP 	fixation: autoDraw = False
206.0696 	EXP 	grating: autoDraw = True
206.3694 	EXP 	grating: autoDraw = False
207.2920 	EXP 	New trial (rep=94, index=0): None
207.2942 	DATA 	Keypress: down
207.3027 	EXP 	fixation: autoDraw = False
207.3027 	EXP 	grating: autoDraw = False
207.3027 	EXP 	grating: ori = 0.0
207.3027 	EXP 	fixation: autoDraw = True
208.3023 	EXP 	fixation: autoDraw = False
208.3023 	EXP 	grating: autoDraw = True
208.6019 	EXP 	grating: autoDraw = False
209.0239 	EXP 	New trial (rep=95, index=0): None
209.0260 	DATA 	Keypress: up
209.0358 	EXP 	fixation: autoDraw = False
209.0358 	EXP 	grating: autoDraw = False
209.0358 	EXP 	grating: ori = -3.0
209.0358 	EXP 	fixation: autoDraw = True
210.0347 	EXP 	grating: autoDraw = True
210.0513 	EXP 	fixation: autoDraw = False
210.3346 	EXP 	grating: autoDraw = False
210.4883 	EXP 	New trial (rep=96, index=0): None
210.4905 	DATA 	Keypress: down
210.5012 	EXP 	fixation: autoDraw = False
210.5012 	EXP 	grating: autoDraw = False
210.5012 	EXP 	grating: ori = 0.0
210.5012 	EXP 	fixation: autoDraw = True
211.5011 	EXP 	fixation: autoDraw = False
211.5011 	EXP 	grating: autoDraw = True
211.8009 	EXP 	grating: autoDraw = False
212.3563 	EXP 	New trial (rep=97, index=0): None
212.3584 	DATA 	Keypress: up
212.3675 	EXP 	fixation: autoDraw = False
212.3675 	EXP 	grating: autoDraw = False
212.3675 	EXP 	grating: ori = 0.0
212.3675 	EXP 	fixation: autoDraw = True
213.3671 	EXP 	fixation: autoDraw = False
213.3671 	EXP 	grating: autoDraw = True
213.6668 	EXP 	grating: autoDraw = False
217.4374 	EXP 	New trial (rep=98, index=0): None
217.4400 	DATA 	Keypress: up
217.4489 	EXP 	fixation: autoDraw = False
217.4489 	EXP 	grating: autoDraw = False
217.4489 	EXP 	grating: ori = 3.0
217.4489 	EXP 	fixation: autoDraw = True
218.4488 	EXP 	fixation: autoDraw = False
218.4488 	EXP 	grating: autoDraw = True
218.7485 	EXP 	grating: autoDraw = False
219.2535 	EXP 	New trial (rep=99, index=0): None
219.2557 	DATA 	Keypress: down
219.2652 	EXP 	fixation: autoDraw = False
219.2652 	EXP 	grating: autoDraw = False
219.2652 	EXP 	grating: ori = -3.0
219.2652 	EXP 	fixation: autoDraw = True
220.2648 	EXP 	fixation: autoDraw = False
220.2648 	EXP 	grating: autoDraw = True
220.5647 	EXP 	grating: autoDraw = False
221.1879 	DATA 	Keypress: down
221.1977 	EXP 	fixation: autoDraw = False
221.1977 	EXP 	grating: autoDraw = False
221.3979 	EXP 	window1: mouseVisible = True
